<?xml version="1.0" encoding="utf-8"?><testsuites><testsuite name="pytest" errors="0" failures="0" skipped="0" tests="5" time="61.554" timestamp="2022-05-16T18:14:23.120113" hostname="WEAPON-X"><testcase classname="test_HomePage.TestHomePage" name="test_formSubmission[getData0]" time="9.289" /><testcase classname="test_HomePage.TestHomePage" name="test_formSubmission[getData1]" time="1.836" /><testcase classname="test_e2e.TestOne" name="test_homepage" time="41.123" /><testcase classname="test_e2e.TestOne" name="test_checkoutpage" time="0.351" /><testcase classname="test_e2e.TestOne" name="test_confirm" time="8.701" /></testsuite></testsuites>